2025-03-19 08:33:16.482 | WARNING  | app.core.exceptions:http_exception_handler:18 - HTTP Exception: 404 - This user is not registered yet, Path: http://localhost:8000/api/v1/auth/login
2025-03-19 08:35:07.279 | ERROR    | app.core.dependencies:validate_roles:35 - User with id: 72 and role: 'employee' does not have permission to perform this action. Path: http://localhost:8000/api/v1/employment-requests/20
2025-03-19 08:35:07.279 | WARNING  | app.core.exceptions:http_exception_handler:18 - HTTP Exception: 403 - You do not have permission to perform this action, Path: http://localhost:8000/api/v1/employment-requests/20
2025-03-19 08:36:18.294 | ERROR    | app.core.dependencies:validate_roles:35 - User with id: 72 and role: 'employee' does not have permission to perform this action. Path: http://localhost:8000/api/v1/employment-requests/20
2025-03-19 08:36:18.295 | WARNING  | app.core.exceptions:http_exception_handler:18 - HTTP Exception: 403 - You do not have permission to perform this action, Path: http://localhost:8000/api/v1/employment-requests/20
2025-03-19 08:36:36.774 | ERROR    | app.core.dependencies:validate_roles:35 - User with id: 72 and role: 'employee' does not have permission to perform this action. Path: http://localhost:8000/api/v1/employment-requests/20
2025-03-19 08:36:36.774 | WARNING  | app.core.exceptions:http_exception_handler:18 - HTTP Exception: 403 - You do not have permission to perform this action, Path: http://localhost:8000/api/v1/employment-requests/20
2025-03-19 08:39:58.436 | ERROR    | app.core.dependencies:validate_roles:35 - User with id: 72 and role: 'employee' does not have permission to perform this action. Path: http://localhost:8000/api/v1/employment-requests/20
2025-03-19 08:39:58.436 | WARNING  | app.core.exceptions:http_exception_handler:18 - HTTP Exception: 403 - You do not have permission to perform this action, Path: http://localhost:8000/api/v1/employment-requests/20
2025-03-19 08:40:01.205 | ERROR    | app.core.dependencies:validate_roles:35 - User with id: 72 and role: 'employee' does not have permission to perform this action. Path: http://localhost:8000/api/v1/employment-requests/20
2025-03-19 08:40:01.206 | WARNING  | app.core.exceptions:http_exception_handler:18 - HTTP Exception: 403 - You do not have permission to perform this action, Path: http://localhost:8000/api/v1/employment-requests/20
2025-03-19 08:40:58.024 | ERROR    | app.core.dependencies:validate_roles:35 - User with id: 72 and role: 'client' does not have permission to perform this action. Path: http://localhost:8000/api/v1/businesses/40/schedules/
2025-03-19 08:40:58.025 | WARNING  | app.core.exceptions:http_exception_handler:18 - HTTP Exception: 403 - You do not have permission to perform this action, Path: http://localhost:8000/api/v1/businesses/40/schedules/
2025-03-19 08:41:33.197 | ERROR    | app.core.dependencies:validate_roles:35 - User with id: 72 and role: 'client' does not have permission to perform this action. Path: http://localhost:8000/api/v1/businesses/41/schedules/
2025-03-19 08:41:33.198 | WARNING  | app.core.exceptions:http_exception_handler:18 - HTTP Exception: 403 - You do not have permission to perform this action, Path: http://localhost:8000/api/v1/businesses/41/schedules/
2025-03-19 10:08:33.374 | WARNING  | app.core.exceptions:http_exception_handler:18 - HTTP Exception: 400 - Schedule is already defined, Path: http://localhost:8000/api/v1/businesses/42/schedules/
2025-03-19 10:21:52.373 | ERROR    | app.service.booking.product:create_new_product:21 - Business: 42 has not services
2025-03-19 10:21:52.375 | WARNING  | app.core.exceptions:http_exception_handler:18 - HTTP Exception: 400 - User has not schedules defined, Path: http://localhost:8000/api/v1/products/
2025-03-19 10:23:17.106 | ERROR    | app.service.booking.product:create_new_product:21 - Business: 42 has not services defined
2025-03-19 10:23:17.108 | WARNING  | app.core.exceptions:http_exception_handler:18 - HTTP Exception: 400 - Business has not services defined, Path: http://localhost:8000/api/v1/products/
2025-03-19 10:49:11.967 | ERROR    | app.core.security:decode_token:36 - Token could not be decoded. Error: Signature has expired.
2025-03-19 12:02:36.421 | ERROR    | app.core.exceptions:validation_exception_handler:26 - Validation Error: [{'type': 'string_too_short', 'loc': ('body', 'name'), 'msg': 'String should have at least 5 characters', 'input': 'Hair', 'ctx': {'min_length': 5}}] | Path: http://localhost:8000/api/v1/service-domains/
2025-03-19 12:11:21.430 | ERROR    | app.core.exceptions:global_exception_handler:9 - Uncaught Error: ResponseValidationError(), Path: http://localhost:8000/api/v1/service-domains/
2025-03-19 12:29:48.977 | ERROR    | app.core.exceptions:global_exception_handler:9 - Uncaught Error: InvalidRequestError("When initializing mapper Mapper[ServiceDomain(service_domains)], expression 'Services' failed to locate a name ('Services'). If this is a class name, consider adding this relationship() to the <class 'app.models.booking.nomenclature.service_domain.ServiceDomain'> class after both dependent classes have been defined."), Path: http://localhost:8000/api/v1/auth/login
2025-03-19 12:30:17.240 | ERROR    | app.core.exceptions:global_exception_handler:9 - Uncaught Error: ResponseValidationError(), Path: http://localhost:8000/api/v1/service-domains/
2025-03-19 12:32:50.910 | ERROR    | app.core.exceptions:global_exception_handler:9 - Uncaught Error: ResponseValidationError(), Path: http://localhost:8000/api/v1/service-domains/
2025-03-19 12:51:28.900 | WARNING  | app.core.exceptions:http_exception_handler:18 - HTTP Exception: 401 - Not authenticated, Path: http://localhost:8000/api/v1/service-domains/services
2025-03-19 12:51:36.463 | ERROR    | app.core.exceptions:global_exception_handler:9 - Uncaught Error: InvalidRequestError('The unique() method must be invoked on this Result, as it contains results that include joined eager loads against collections'), Path: http://localhost:8000/api/v1/service-domains/services
2025-03-19 13:00:17.678 | ERROR    | app.core.exceptions:validation_exception_handler:26 - Validation Error: [{'type': 'missing', 'loc': ('body', 'service_domain_id'), 'msg': 'Field required', 'input': {'name': 'Beard Coloring', 'keywords': ['beard coloring', 'vopsire barba', 'salon de infrumusetare']}}] | Path: http://localhost:8000/api/v1/services/
