2025-03-26 12:00:53.428 | WARNING  | app.core.exceptions:http_exception_handler:18 - HTTP Exception: 401 - Not authenticated, Path: http://localhost:8000/api/v1/auth/user-info
2025-03-26 12:00:53.726 | ERROR    | app.core.security:decode_token:36 - Token could not be decoded. Error: Signature has expired.
2025-03-26 12:00:54.398 | WARNING  | app.core.exceptions:http_exception_handler:18 - HTTP Exception: 401 - Not authenticated, Path: http://localhost:8000/api/v1/auth/user-info
2025-03-26 12:00:54.561 | ERROR    | app.core.security:decode_token:36 - Token could not be decoded. Error: Signature has expired.
2025-03-26 12:00:54.947 | ERROR    | app.core.security:decode_token:36 - Token could not be decoded. Error: Signature has expired.
2025-03-26 12:00:55.123 | WARNING  | app.core.exceptions:http_exception_handler:18 - HTTP Exception: 401 - Not authenticated, Path: http://localhost:8000/api/v1/auth/user-info
2025-03-26 13:42:46.881 | WARNING  | app.core.exceptions:http_exception_handler:18 - HTTP Exception: 401 - Not authenticated, Path: http://localhost:8000/api/v1/auth/user-info
2025-03-26 13:42:46.908 | ERROR    | app.core.security:decode_token:36 - Token could not be decoded. Error: Signature has expired.
2025-03-26 13:45:18.838 | ERROR    | app.core.security:decode_token:36 - Token could not be decoded. Error: Signature has expired.
2025-03-26 13:45:18.842 | ERROR    | app.core.security:decode_token:36 - Token could not be decoded. Error: Signature has expired.
2025-03-26 13:45:19.336 | ERROR    | app.core.security:decode_token:36 - Token could not be decoded. Error: Signature has expired.
2025-03-26 13:45:19.338 | ERROR    | app.core.security:decode_token:36 - Token could not be decoded. Error: Signature has expired.
2025-03-26 13:45:49.463 | WARNING  | app.core.exceptions:http_exception_handler:18 - HTTP Exception: 401 - Not authenticated, Path: http://localhost:8000/api/v1/auth/user-info
2025-03-26 15:03:00.998 | WARNING  | app.core.exceptions:http_exception_handler:18 - HTTP Exception: 401 - Not authenticated, Path: http://localhost:8000/api/v1/auth/user-info
2025-03-26 15:23:42.159 | ERROR    | app.core.security:decode_token:36 - Token could not be decoded. Error: Not enough segments
2025-03-26 15:23:42.707 | ERROR    | app.core.security:decode_token:36 - Token could not be decoded. Error: Not enough segments
2025-03-26 15:24:09.057 | ERROR    | app.core.exceptions:global_exception_handler:9 - Uncaught Error: AttributeError("'NoneType' object has no attribute 'id'"), Path: http://localhost:8000/api/v1/auth/user-info
2025-03-26 15:24:58.514 | ERROR    | app.core.exceptions:global_exception_handler:9 - Uncaught Error: AttributeError("'NoneType' object has no attribute 'id'"), Path: http://localhost:8000/api/v1/auth/user-info
2025-03-26 15:25:19.922 | ERROR    | app.core.exceptions:global_exception_handler:9 - Uncaught Error: AttributeError("'NoneType' object has no attribute 'id'"), Path: http://localhost:8000/api/v1/auth/user-info
2025-03-26 15:28:10.840 | ERROR    | app.core.exceptions:global_exception_handler:9 - Uncaught Error: AttributeError("'NoneType' object has no attribute 'id'"), Path: http://localhost:8000/api/v1/auth/user-info
2025-03-26 15:28:25.678 | ERROR    | app.core.exceptions:global_exception_handler:9 - Uncaught Error: AttributeError("'NoneType' object has no attribute 'id'"), Path: http://localhost:8000/api/v1/auth/user-info
2025-03-26 15:28:26.027 | ERROR    | app.core.exceptions:global_exception_handler:9 - Uncaught Error: AttributeError("'NoneType' object has no attribute 'id'"), Path: http://localhost:8000/api/v1/auth/user-info
2025-03-26 15:30:09.993 | ERROR    | app.core.exceptions:global_exception_handler:9 - Uncaught Error: AttributeError("'NoneType' object has no attribute 'id'"), Path: http://localhost:8000/api/v1/auth/user-info
2025-03-26 16:48:43.736 | WARNING  | app.core.exceptions:http_exception_handler:18 - HTTP Exception: 404 - User not found, Path: http://localhost:8000/api/v1/auth/login
2025-03-26 16:49:04.846 | WARNING  | app.core.exceptions:http_exception_handler:18 - HTTP Exception: 404 - User not found, Path: http://localhost:8000/api/v1/auth/login
2025-03-27 10:07:17.114 | ERROR    | app.core.exceptions:global_exception_handler:9 - Uncaught Error: AttributeError("'NoneType' object has no attribute 'id'"), Path: http://localhost:8000/api/v1/auth/user-info
2025-03-27 10:07:48.602 | ERROR    | app.core.exceptions:global_exception_handler:9 - Uncaught Error: AttributeError("'NoneType' object has no attribute 'id'"), Path: http://localhost:8000/api/v1/auth/user-info
2025-03-27 10:09:12.608 | ERROR    | app.core.exceptions:global_exception_handler:9 - Uncaught Error: AttributeError("'NoneType' object has no attribute 'id'"), Path: http://localhost:8000/api/v1/auth/user-info
